Initializing ... 
Initializing constant array ... 
Initializing derivative array ... 
Initializing data array ... 
Initializing block matrix ... 
Establishing initial conditions for spiral wave ... 
b1: 973, b2: 1117, middley: 1024 
**********************************************************

Model parameters: 
                 tfinal (msec):  0.50
                     dt (msec): 0.0031
                        Nsteps:     160.00
                       Lx (cm): 10.00
                       dx (cm): 0.0049
                            Nx: 2048
                       Ly (cm): 10.00
                       dy (cm): 0.0049
                            Ny: 2048
        dt/[dx*dy] (msec/cm^2): 131.0720

                msec per write: 1.000
              Nsteps per write: 320
Spatial rate for write (nodes): 1
              datafile dx (cm): 0.0049
              datafile dy (cm): 0.0049
         datafile Nx (columns): 2048
            datafile Ny (rows): 2048

        Nsteps per user update: 1600
              msec user update: 5.000
   Monitor this node [mNx,mNy]: 1024, 1024


BR Constants: 
    gK1 (mmho/cm^2): 0.350
    gNa (mmho/cm^2): 15.000
           ENa (mV): 40.000
    gx1 (mmho/cm^2): 0.800
     gs (mmho/cm^2): 0.090
       Cm (uF/cm^2): 1.000
      kCa (msec^-1): 0.070
   gNaC (mmho/cm^2): 0.000
  Dpara (cm^2/msec): 0.000760
Dperpen (cm^2/msec): 0.000380
    theta (degrees): 33.000
   sigma (unitless): 0.600
       A (unitless): 1.000


Mesh Ratios: 
(dx*dy)/dt [0.00763 (cm^2/msec)] should be greater than 4*Dpara [0.00304 (cm^2/msec)].
(dx*dy)/dt [0.00763 (cm^2/msec)] should be greater than 4*Dperpen [0.00152 (cm^2/msec)].


Diffusion Tensor: 
 D11 (cm^2/msec): 0.000647
 D12 (cm^2/msec): 0.000174
 D21 (cm^2/msec): 0.000174
 D22 (cm^2/msec): 0.000493


Laplacian Multipliers: 
 Dp11 (msec^-1): 27.1489
 Dp12 (msec^-1): 3.6401
 Dp21 (msec^-1): 3.6401
 Dp22 (msec^-1): 20.6662

 Af=0
 Initializing the A field as a homogenous distribution, A=1.000 

Initial conditions set for spiral wave.

Block information: 
       icewidth (cm): 0.2500 
       icbwidth (cm): 0.4500 
    iclengthact (cm): 8.5000 
  iclengthblock (cm): 9.2500 
          icewidthn : 52 
          icbwidthn : 93 
       iclengthactn : 1740 
     iclengthblockn : 1894 
       blocktimenum : 1 
   blocktimes (msec): 65.00 


Initial Conditions: 
        Vm (mV): -20.000
  IK1 (uA/cm^2): 0.000
  Ix1 (uA/cm^2): 0.000
  x1 (unitless): 0.009
  INa (uA/cm^2): 0.000
   m (unitless): 1.000
   h (unitless): 0.947
   Is (uA/cm^2): 0.000
   d (unitless): 0.004
   f (unitless): 1.000
   Cai (mole/L): 2.000e-07

End conditions: Slab


Variables to save to disk: 
    Vm
**********************************************************
Opening files ... 
Writing initial conditions ... 
Entering time loop ... 
total time is 42.86

Simulation Finished!
Saving final conditions...

         tfinal: 0.500 msec
     Final time: 0.503 msec
         Nsteps:     160.00
Number of steps: 161
             Nx: 2048
             Ny: 2048

Loop 0 <line-205> - Time 20.717766 Total energy consumed 2956.392720 Ave. Power Level 142.698433
    -------- Loop 0 (sock 1 consumed 1515.948570, avg temp 52.370370, final temp 56 ) ------
    -------- Loop 0 (sock 2 consumed 1440.444150, avg temp 44.580247, final temp 48 ) ------
Loop 1 <line-402> - Time 0.258917 Total energy consumed 37.704300 Ave. Power Level 145.623166
    -------- Loop 1 (sock 1 consumed 19.843380, avg temp 52.543210, final temp 55 ) ------
    -------- Loop 1 (sock 2 consumed 17.860920, avg temp 44.777778, final temp 48 ) ------
Loop 2 <line-378> - Time 21.611625 Total energy consumed 3066.888285 Ave. Power Level 141.909195
    -------- Loop 2 (sock 1 consumed 1572.313980, avg temp 52.325000, final temp 55 ) ------
    -------- Loop 2 (sock 2 consumed 1494.574305, avg temp 44.675000, final temp 48 ) ------
Loop 3 <line-428> - Time 0.261973 Total energy consumed 37.959735 Ave. Power Level 144.899550
    -------- Loop 3 (sock 1 consumed 19.916880, avg temp 52.675000, final temp 55 ) ------
    -------- Loop 3 (sock 2 consumed 18.042855, avg temp 44.737500, final temp 48 ) ------
Application(EnergyStat) - Time 52.157335 Total energy consumed 6609.326565 Ave. Power Level 126.719023 Final Temperature socket 1 : 49  socket 2 : 41 

