Initializing ... 
Initializing constant array ... 
Initializing derivative array ... 
Initializing data array ... 
Initializing block matrix ... 
Establishing initial conditions for spiral wave ... 
b1: 973, b2: 1117, middley: 1024 
**********************************************************

Model parameters: 
                 tfinal (msec):  0.50
                     dt (msec): 0.0031
                        Nsteps:     160.00
                       Lx (cm): 10.00
                       dx (cm): 0.0049
                            Nx: 2048
                       Ly (cm): 10.00
                       dy (cm): 0.0049
                            Ny: 2048
        dt/[dx*dy] (msec/cm^2): 131.0720

                msec per write: 1.000
              Nsteps per write: 320
Spatial rate for write (nodes): 1
              datafile dx (cm): 0.0049
              datafile dy (cm): 0.0049
         datafile Nx (columns): 2048
            datafile Ny (rows): 2048

        Nsteps per user update: 1600
              msec user update: 5.000
   Monitor this node [mNx,mNy]: 1024, 1024


BR Constants: 
    gK1 (mmho/cm^2): 0.350
    gNa (mmho/cm^2): 15.000
           ENa (mV): 40.000
    gx1 (mmho/cm^2): 0.800
     gs (mmho/cm^2): 0.090
       Cm (uF/cm^2): 1.000
      kCa (msec^-1): 0.070
   gNaC (mmho/cm^2): 0.000
  Dpara (cm^2/msec): 0.000760
Dperpen (cm^2/msec): 0.000380
    theta (degrees): 33.000
   sigma (unitless): 0.600
       A (unitless): 1.000


Mesh Ratios: 
(dx*dy)/dt [0.00763 (cm^2/msec)] should be greater than 4*Dpara [0.00304 (cm^2/msec)].
(dx*dy)/dt [0.00763 (cm^2/msec)] should be greater than 4*Dperpen [0.00152 (cm^2/msec)].


Diffusion Tensor: 
 D11 (cm^2/msec): 0.000647
 D12 (cm^2/msec): 0.000174
 D21 (cm^2/msec): 0.000174
 D22 (cm^2/msec): 0.000493


Laplacian Multipliers: 
 Dp11 (msec^-1): 27.1489
 Dp12 (msec^-1): 3.6401
 Dp21 (msec^-1): 3.6401
 Dp22 (msec^-1): 20.6662

 Af=0
 Initializing the A field as a homogenous distribution, A=1.000 

Initial conditions set for spiral wave.

Block information: 
       icewidth (cm): 0.2500 
       icbwidth (cm): 0.4500 
    iclengthact (cm): 8.5000 
  iclengthblock (cm): 9.2500 
          icewidthn : 52 
          icbwidthn : 93 
       iclengthactn : 1740 
     iclengthblockn : 1894 
       blocktimenum : 1 
   blocktimes (msec): 65.00 


Initial Conditions: 
        Vm (mV): -20.000
  IK1 (uA/cm^2): 0.000
  Ix1 (uA/cm^2): 0.000
  x1 (unitless): 0.009
  INa (uA/cm^2): 0.000
   m (unitless): 1.000
   h (unitless): 0.947
   Is (uA/cm^2): 0.000
   d (unitless): 0.004
   f (unitless): 1.000
   Cai (mole/L): 2.000e-07

End conditions: Slab


Variables to save to disk: 
    Vm
**********************************************************
Opening files ... 
Writing initial conditions ... 
Entering time loop ... 
total time is 52.35

Simulation Finished!
Saving final conditions...

         tfinal: 0.500 msec
     Final time: 0.503 msec
         Nsteps:     160.00
Number of steps: 161
             Nx: 2048
             Ny: 2048

Loop 0 <line-124> - Time 25.908285 Total energy consumed 3666.988815 Ave. Power Level 141.537302
    -------- Loop 0 (sock 1 consumed 1869.447015, avg temp 49.259259, final temp 53 ) ------
    -------- Loop 0 (sock 2 consumed 1797.541800, avg temp 42.061728, final temp 45 ) ------
Loop 1 <line-231> - Time 0.185262 Total energy consumed 26.535765 Ave. Power Level 143.233746
    -------- Loop 1 (sock 1 consumed 13.917870, avg temp 49.432099, final temp 53 ) ------
    -------- Loop 1 (sock 2 consumed 12.617895, avg temp 42.049383, final temp 46 ) ------
Loop 2 <line-210> - Time 26.074747 Total energy consumed 3688.369635 Ave. Power Level 141.453706
    -------- Loop 2 (sock 1 consumed 1880.952975, avg temp 49.275000, final temp 53 ) ------
    -------- Loop 2 (sock 2 consumed 1807.416660, avg temp 42.050000, final temp 46 ) ------
Loop 3 <line-253> - Time 0.176184 Total energy consumed 25.933560 Ave. Power Level 147.195965
    -------- Loop 3 (sock 1 consumed 13.605975, avg temp 49.400000, final temp 54 ) ------
    -------- Loop 3 (sock 2 consumed 12.327585, avg temp 42.237500, final temp 47 ) ------
Application(EnergyStat) - Time 62.854272 Total energy consumed 7968.800745 Ave. Power Level 126.782166 Final Temperature socket 1 : 47  socket 2 : 38 

